<?xml version="1.0" encoding="UTF-8" standalone="no"?>
<!DOCTYPE log SYSTEM "logger.dtd">
<log>
<record>
  <date>2017-11-11T13:41:42</date>
  <millis>1510425702135</millis>
  <sequence>0</sequence>
  <logger>com.joel.PristineClient</logger>
  <level>INFO</level>
  <class>com.joel.PristineClient</class>
  <method>&lt;init&gt;</method>
  <thread>1</thread>
  <message>Looking in C:\Users\rakjavik\Documents\Idea Projects\PristineView for properties</message>
</record>
<record>
  <date>2017-11-11T13:41:57</date>
  <millis>1510425717334</millis>
  <sequence>1</sequence>
  <logger>com.joel.PristineClient</logger>
  <level>INFO</level>
  <class>com.joel.threads.PollQueueThread</class>
  <method>run</method>
  <thread>18</thread>
  <message>Problem requesting queue from http server</message>
</record>
<record>
  <date>2017-11-11T13:42:00</date>
  <millis>1510425720336</millis>
  <sequence>2</sequence>
  <logger>com.joel.PristineClient</logger>
  <level>INFO</level>
  <class>com.joel.threads.PollQueueThread</class>
  <method>run</method>
  <thread>18</thread>
  <message>Problem requesting queue from http server</message>
</record>
<record>
  <date>2017-11-11T13:42:03</date>
  <millis>1510425723337</millis>
  <sequence>3</sequence>
  <logger>com.joel.PristineClient</logger>
  <level>INFO</level>
  <class>com.joel.threads.PollQueueThread</class>
  <method>run</method>
  <thread>18</thread>
  <message>Problem requesting queue from http server</message>
</record>
<record>
  <date>2017-11-11T13:42:05</date>
  <millis>1510425725389</millis>
  <sequence>4</sequence>
  <logger>com.joel.PristineClient</logger>
  <level>INFO</level>
  <class>com.joel.threads.PollQueueThread</class>
  <method>run</method>
  <thread>18</thread>
  <message>Problem requesting queue from http server</message>
</record>
<record>
  <date>2017-11-11T13:42:17</date>
  <millis>1510425737954</millis>
  <sequence>5</sequence>
  <logger>com.joel.PristineClient</logger>
  <level>INFO</level>
  <class>com.joel.threads.PollQueueThread</class>
  <method>run</method>
  <thread>18</thread>
  <message>Problem requesting queue from http server</message>
</record>
<record>
  <date>2017-11-11T13:42:20</date>
  <millis>1510425740956</millis>
  <sequence>6</sequence>
  <logger>com.joel.PristineClient</logger>
  <level>INFO</level>
  <class>com.joel.threads.PollQueueThread</class>
  <method>run</method>
  <thread>18</thread>
  <message>Problem requesting queue from http server</message>
</record>
<record>
  <date>2017-11-11T13:42:23</date>
  <millis>1510425743959</millis>
  <sequence>7</sequence>
  <logger>com.joel.PristineClient</logger>
  <level>INFO</level>
  <class>com.joel.threads.PollQueueThread</class>
  <method>run</method>
  <thread>18</thread>
  <message>Problem requesting queue from http server</message>
</record>
<record>
  <date>2017-11-11T13:42:26</date>
  <millis>1510425746961</millis>
  <sequence>8</sequence>
  <logger>com.joel.PristineClient</logger>
  <level>INFO</level>
  <class>com.joel.threads.PollQueueThread</class>
  <method>run</method>
  <thread>18</thread>
  <message>Problem requesting queue from http server</message>
</record>
<record>
  <date>2017-11-11T13:42:29</date>
  <millis>1510425749962</millis>
  <sequence>9</sequence>
  <logger>com.joel.PristineClient</logger>
  <level>INFO</level>
  <class>com.joel.threads.PollQueueThread</class>
  <method>run</method>
  <thread>18</thread>
  <message>Problem requesting queue from http server</message>
</record>
<record>
  <date>2017-11-11T13:42:32</date>
  <millis>1510425752964</millis>
  <sequence>10</sequence>
  <logger>com.joel.PristineClient</logger>
  <level>INFO</level>
  <class>com.joel.threads.PollQueueThread</class>
  <method>run</method>
  <thread>18</thread>
  <message>Problem requesting queue from http server</message>
</record>
<record>
  <date>2017-11-11T13:42:35</date>
  <millis>1510425755965</millis>
  <sequence>11</sequence>
  <logger>com.joel.PristineClient</logger>
  <level>INFO</level>
  <class>com.joel.threads.PollQueueThread</class>
  <method>run</method>
  <thread>18</thread>
  <message>Problem requesting queue from http server</message>
</record>
<record>
  <date>2017-11-11T13:42:38</date>
  <millis>1510425758967</millis>
  <sequence>12</sequence>
  <logger>com.joel.PristineClient</logger>
  <level>INFO</level>
  <class>com.joel.threads.PollQueueThread</class>
  <method>run</method>
  <thread>18</thread>
  <message>Problem requesting queue from http server</message>
</record>
<record>
  <date>2017-11-11T13:42:41</date>
  <millis>1510425761969</millis>
  <sequence>13</sequence>
  <logger>com.joel.PristineClient</logger>
  <level>INFO</level>
  <class>com.joel.threads.PollQueueThread</class>
  <method>run</method>
  <thread>18</thread>
  <message>Problem requesting queue from http server</message>
</record>
<record>
  <date>2017-11-11T13:42:44</date>
  <millis>1510425764978</millis>
  <sequence>14</sequence>
  <logger>com.joel.PristineClient</logger>
  <level>INFO</level>
  <class>com.joel.threads.PollQueueThread</class>
  <method>run</method>
  <thread>18</thread>
  <message>Problem requesting queue from http server</message>
</record>
<record>
  <date>2017-11-11T13:42:47</date>
  <millis>1510425767979</millis>
  <sequence>15</sequence>
  <logger>com.joel.PristineClient</logger>
  <level>INFO</level>
  <class>com.joel.threads.PollQueueThread</class>
  <method>run</method>
  <thread>18</thread>
  <message>Problem requesting queue from http server</message>
</record>
<record>
  <date>2017-11-11T13:42:50</date>
  <millis>1510425770981</millis>
  <sequence>16</sequence>
  <logger>com.joel.PristineClient</logger>
  <level>INFO</level>
  <class>com.joel.threads.PollQueueThread</class>
  <method>run</method>
  <thread>18</thread>
  <message>Problem requesting queue from http server</message>
</record>
